<?xml version="1.0" encoding="UTF-8"?>
<!-- Generated by org.testng.reporters.JUnitXMLReporter -->
<testsuite ignored="0" hostname="Arun-PC" failures="0" tests="6" name="Test" time="0.181" errors="0" timestamp="31 May 2019 06:15:55 GMT">
  <testcase classname="qaclickacademy.seleniumTest" name="selenium1" time="0.028"/>
  <testcase classname="qaclickacademy.seleniumTest" name="selenium2" time="0.005"/>
  <testcase classname="qaclickacademy.RESTAPITest" name="rest1" time="0.007"/>
  <testcase classname="qaclickacademy.RESTAPITest" name="rest2" time="0.007"/>
  <testcase classname="qaclickacademy.AppiumTest" name="maven1" time="0.039"/>
  <testcase classname="qaclickacademy.AppiumTest" name="maven2" time="0.007"/>
</testsuite> <!-- Test -->
