<?xml version="1.0" encoding="UTF-8"?>
<!-- Generated by org.testng.reporters.JUnitXMLReporter -->
<testsuite hostname="Arun-PC" ignored="0" name="Test" tests="6" failures="0" timestamp="31 May 2019 06:25:31 GMT" time="0.23" errors="0">
  <testcase name="selenium1" time="0.024" classname="qaclickacademy.seleniumTest"/>
  <testcase name="selenium2" time="0.001" classname="qaclickacademy.seleniumTest"/>
  <testcase name="rest1" time="0.0" classname="qaclickacademy.RESTAPITest"/>
  <testcase name="rest2" time="0.0" classname="qaclickacademy.RESTAPITest"/>
  <testcase name="maven1" time="0.001" classname="qaclickacademy.AppiumTest"/>
  <testcase name="maven2" time="0.0" classname="qaclickacademy.AppiumTest"/>
</testsuite> <!-- Test -->
